============================= test session starts =============================
platform win32 -- Python 3.13.5, pytest-9.0.2, pluggy-1.6.0 -- C:\Python313\python.exe
cachedir: .pytest_cache
rootdir: C:\Users\19803\Projects\FactoryExcelManager\backend
configfile: pytest.ini
plugins: anyio-4.12.0, Faker-40.1.0, langsmith-0.5.1, locust-2.43.0, asyncio-1.3.0, cov-7.0.0, mock-3.15.1
asyncio: mode=Mode.AUTO, debug=False, asyncio_default_fixture_loop_scope=None, asyncio_default_test_loop_scope=function
collecting ... collected 11 items

backend\tests\test_api\test_preview.py::test_preview_endpoint_success PASSED [  9%]
backend\tests\test_api\test_preview.py::test_list_uploads_includes_datasource_id PASSED [ 18%]
backend\tests\test_api\test_line_management.py::test_reset_schema_configuration FAILED [ 27%]
backend\tests\test_api\test_line_management.py::test_clear_upload_history PASSED [ 36%]
backend\tests\api\v1\test_users.py::test_get_user_me PASSED              [ 45%]
backend\tests\api\v1\test_users.py::test_update_user_me PASSED           [ 54%]
backend\tests\api\v1\test_users.py::test_update_user_invalid_timezone PASSED [ 63%]
backend\tests\api\v1\test_users.py::test_update_user_partial_preferences PASSED [ 72%]
backend\tests\api\v1\test_users.py::test_update_user_invalid_preference_type PASSED [ 81%]
backend\tests\api\test_analytics_flaws.py::test_hourly_production_no_events_returns_zeros PASSED [ 90%]
backend\tests\api\test_analytics_flaws.py::test_midnight_boundary_respects_timezone PASSED [100%]

================================== FAILURES ===================================
_______________________ test_reset_schema_configuration _______________________
backend\tests\test_api\test_line_management.py:53: in test_reset_schema_configuration
    order = Order(
<string>:4: in __init__
    ???
..\..\AppData\Roaming\Python\Python313\site-packages\sqlalchemy\orm\state.py:596: in _initialize_instance
    with util.safe_reraise():
         ^^^^^^^^^^^^^^^^^^^
..\..\AppData\Roaming\Python\Python313\site-packages\sqlalchemy\util\langhelpers.py:224: in __exit__
    raise exc_value.with_traceback(exc_tb)
..\..\AppData\Roaming\Python\Python313\site-packages\sqlalchemy\orm\state.py:594: in _initialize_instance
    manager.original_init(*mixed[1:], **kwargs)
..\..\AppData\Roaming\Python\Python313\site-packages\sqlalchemy\orm\decl_base.py:2179: in _declarative_constructor
    raise TypeError(
E   TypeError: 'customer' is an invalid keyword argument for Order
=========================== short test summary info ===========================
FAILED backend\tests\test_api\test_line_management.py::test_reset_schema_configuration
======================== 1 failed, 10 passed in 5.85s =========================
