============================= test session starts =============================
platform win32 -- Python 3.13.5, pytest-9.0.2, pluggy-1.6.0 -- C:\Python313\python.exe
cachedir: .pytest_cache
rootdir: C:\Users\19803\Projects\FactoryExcelManager\backend
configfile: pytest.ini
plugins: anyio-4.12.0, Faker-40.1.0, langsmith-0.5.1, locust-2.43.0, asyncio-1.3.0, cov-7.0.0, mock-3.15.1
asyncio: mode=Mode.AUTO, debug=False, asyncio_default_fixture_loop_scope=None, asyncio_default_test_loop_scope=function
collecting ... collected 11 items

backend\tests\test_api\test_preview.py::test_preview_endpoint_success PASSED [  9%]
backend\tests\test_api\test_preview.py::test_list_uploads_includes_datasource_id PASSED [ 18%]
backend\tests\test_api\test_line_management.py::test_reset_schema_configuration FAILED [ 27%]
backend\tests\test_api\test_line_management.py::test_clear_upload_history FAILED [ 36%]
backend\tests\api\v1\test_users.py::test_get_user_me PASSED              [ 45%]
backend\tests\api\v1\test_users.py::test_update_user_me PASSED           [ 54%]
backend\tests\api\v1\test_users.py::test_update_user_invalid_timezone PASSED [ 63%]
backend\tests\api\v1\test_users.py::test_update_user_partial_preferences PASSED [ 72%]
backend\tests\api\v1\test_users.py::test_update_user_invalid_preference_type PASSED [ 81%]
backend\tests\api\test_analytics_flaws.py::test_hourly_production_no_events_returns_zeros PASSED [ 90%]
backend\tests\api\test_analytics_flaws.py::test_midnight_boundary_respects_timezone PASSED [100%]

================================== FAILURES ===================================
_______________________ test_reset_schema_configuration _______________________
backend\tests\test_api\test_line_management.py:53: in test_reset_schema_configuration
    order = Order(
<string>:4: in __init__
    ???
..\..\AppData\Roaming\Python\Python313\site-packages\sqlalchemy\orm\state.py:596: in _initialize_instance
    with util.safe_reraise():
         ^^^^^^^^^^^^^^^^^^^
..\..\AppData\Roaming\Python\Python313\site-packages\sqlalchemy\util\langhelpers.py:224: in __exit__
    raise exc_value.with_traceback(exc_tb)
..\..\AppData\Roaming\Python\Python313\site-packages\sqlalchemy\orm\state.py:594: in _initialize_instance
    manager.original_init(*mixed[1:], **kwargs)
..\..\AppData\Roaming\Python\Python313\site-packages\sqlalchemy\orm\decl_base.py:2179: in _declarative_constructor
    raise TypeError(
E   TypeError: 'customer' is an invalid keyword argument for Order
__________________________ test_clear_upload_history __________________________
backend\tests\test_api\test_line_management.py:142: in test_clear_upload_history
    response = await async_client.delete(
..\..\AppData\Roaming\Python\Python313\site-packages\httpx\_client.py:1966: in delete
    return await self.request(
..\..\AppData\Roaming\Python\Python313\site-packages\httpx\_client.py:1540: in request
    return await self.send(request, auth=auth, follow_redirects=follow_redirects)
           ^^^^^^^^^^^^^^^^^^^^^^^^^^^^^^^^^^^^^^^^^^^^^^^^^^^^^^^^^^^^^^^^^^^^^^
..\..\AppData\Roaming\Python\Python313\site-packages\httpx\_client.py:1629: in send
    response = await self._send_handling_auth(
..\..\AppData\Roaming\Python\Python313\site-packages\httpx\_client.py:1657: in _send_handling_auth
    response = await self._send_handling_redirects(
..\..\AppData\Roaming\Python\Python313\site-packages\httpx\_client.py:1694: in _send_handling_redirects
    response = await self._send_single_request(request)
               ^^^^^^^^^^^^^^^^^^^^^^^^^^^^^^^^^^^^^^^^
..\..\AppData\Roaming\Python\Python313\site-packages\httpx\_client.py:1730: in _send_single_request
    response = await transport.handle_async_request(request)
               ^^^^^^^^^^^^^^^^^^^^^^^^^^^^^^^^^^^^^^^^^^^^^
..\..\AppData\Roaming\Python\Python313\site-packages\httpx\_transports\asgi.py:170: in handle_async_request
    await self.app(scope, receive, send)
..\..\AppData\Roaming\Python\Python313\site-packages\fastapi\applications.py:1135: in __call__
    await super().__call__(scope, receive, send)
..\..\AppData\Roaming\Python\Python313\site-packages\starlette\applications.py:107: in __call__
    await self.middleware_stack(scope, receive, send)
..\..\AppData\Roaming\Python\Python313\site-packages\starlette\middleware\errors.py:186: in __call__
    raise exc
..\..\AppData\Roaming\Python\Python313\site-packages\starlette\middleware\errors.py:164: in __call__
    await self.app(scope, receive, _send)
..\..\AppData\Roaming\Python\Python313\site-packages\starlette\middleware\cors.py:85: in __call__
    await self.app(scope, receive, send)
..\..\AppData\Roaming\Python\Python313\site-packages\starlette\middleware\exceptions.py:63: in __call__
    await wrap_app_handling_exceptions(self.app, conn)(scope, receive, send)
..\..\AppData\Roaming\Python\Python313\site-packages\starlette\_exception_handler.py:53: in wrapped_app
    raise exc
..\..\AppData\Roaming\Python\Python313\site-packages\starlette\_exception_handler.py:42: in wrapped_app
    await app(scope, receive, sender)
..\..\AppData\Roaming\Python\Python313\site-packages\fastapi\middleware\asyncexitstack.py:18: in __call__
    await self.app(scope, receive, send)
..\..\AppData\Roaming\Python\Python313\site-packages\starlette\routing.py:716: in __call__
    await self.middleware_stack(scope, receive, send)
..\..\AppData\Roaming\Python\Python313\site-packages\starlette\routing.py:736: in app
    await route.handle(scope, receive, send)
..\..\AppData\Roaming\Python\Python313\site-packages\starlette\routing.py:290: in handle
    await self.app(scope, receive, send)
..\..\AppData\Roaming\Python\Python313\site-packages\fastapi\routing.py:119: in app
    await wrap_app_handling_exceptions(app, request)(scope, receive, send)
..\..\AppData\Roaming\Python\Python313\site-packages\starlette\_exception_handler.py:53: in wrapped_app
    raise exc
..\..\AppData\Roaming\Python\Python313\site-packages\starlette\_exception_handler.py:42: in wrapped_app
    await app(scope, receive, sender)
..\..\AppData\Roaming\Python\Python313\site-packages\fastapi\routing.py:105: in app
    response = await f(request)
               ^^^^^^^^^^^^^^^^
..\..\AppData\Roaming\Python\Python313\site-packages\fastapi\routing.py:426: in app
    raw_response = await run_endpoint_function(
..\..\AppData\Roaming\Python\Python313\site-packages\fastapi\routing.py:312: in run_endpoint_function
    return await dependant.call(**values)
           ^^^^^^^^^^^^^^^^^^^^^^^^^^^^^^
backend\app\api\v1\endpoints\datasource.py:368: in delete_data_source
    delete(ProductionRun).where(ProductionRun.data_source_id == data_source_id)
    ^^^^^^
E   NameError: name 'delete' is not defined
---------------------------- Captured stdout call -----------------------------
{"timestamp": "2026-02-16T08:44:38.761137Z", "level": "ERROR", "logger": "app.main", "message": "Unhandled exception: name 'delete' is not defined", "exception": "Traceback (most recent call last):\n  File \"C:\\Users\\19803\\AppData\\Roaming\\Python\\Python313\\site-packages\\starlette\\middleware\\errors.py\", line 164, in __call__\n    await self.app(scope, receive, _send)\n  File \"C:\\Users\\19803\\AppData\\Roaming\\Python\\Python313\\site-packages\\starlette\\middleware\\cors.py\", line 85, in __call__\n    await self.app(scope, receive, send)\n  File \"C:\\Users\\19803\\AppData\\Roaming\\Python\\Python313\\site-packages\\starlette\\middleware\\exceptions.py\", line 63, in __call__\n    await wrap_app_handling_exceptions(self.app, conn)(scope, receive, send)\n  File \"C:\\Users\\19803\\AppData\\Roaming\\Python\\Python313\\site-packages\\starlette\\_exception_handler.py\", line 53, in wrapped_app\n    raise exc\n  File \"C:\\Users\\19803\\AppData\\Roaming\\Python\\Python313\\site-packages\\starlette\\_exception_handler.py\", line 42, in wrapped_app\n    await app(scope, receive, sender)\n  File \"C:\\Users\\19803\\AppData\\Roaming\\Python\\Python313\\site-packages\\fastapi\\middleware\\asyncexitstack.py\", line 18, in __call__\n    await self.app(scope, receive, send)\n  File \"C:\\Users\\19803\\AppData\\Roaming\\Python\\Python313\\site-packages\\starlette\\routing.py\", line 716, in __call__\n    await self.middleware_stack(scope, receive, send)\n  File \"C:\\Users\\19803\\AppData\\Roaming\\Python\\Python313\\site-packages\\starlette\\routing.py\", line 736, in app\n    await route.handle(scope, receive, send)\n  File \"C:\\Users\\19803\\AppData\\Roaming\\Python\\Python313\\site-packages\\starlette\\routing.py\", line 290, in handle\n    await self.app(scope, receive, send)\n  File \"C:\\Users\\19803\\AppData\\Roaming\\Python\\Python313\\site-packages\\fastapi\\routing.py\", line 119, in app\n    await wrap_app_handling_exceptions(app, request)(scope, receive, send)\n  File \"C:\\Users\\19803\\AppData\\Roaming\\Python\\Python313\\site-packages\\starlette\\_exception_handler.py\", line 53, in wrapped_app\n    raise exc\n  File \"C:\\Users\\19803\\AppData\\Roaming\\Python\\Python313\\site-packages\\starlette\\_exception_handler.py\", line 42, in wrapped_app\n    await app(scope, receive, sender)\n  File \"C:\\Users\\19803\\AppData\\Roaming\\Python\\Python313\\site-packages\\fastapi\\routing.py\", line 105, in app\n    response = await f(request)\n               ^^^^^^^^^^^^^^^^\n  File \"C:\\Users\\19803\\AppData\\Roaming\\Python\\Python313\\site-packages\\fastapi\\routing.py\", line 426, in app\n    raw_response = await run_endpoint_function(\n                   ^^^^^^^^^^^^^^^^^^^^^^^^^^^^\n    ...<3 lines>...\n    )\n    ^\n  File \"C:\\Users\\19803\\AppData\\Roaming\\Python\\Python313\\site-packages\\fastapi\\routing.py\", line 312, in run_endpoint_function\n    return await dependant.call(**values)\n           ^^^^^^^^^^^^^^^^^^^^^^^^^^^^^^\n  File \"C:\\Users\\19803\\Projects\\FactoryExcelManager\\backend\\app\\api\\v1\\endpoints\\datasource.py\", line 368, in delete_data_source\n    delete(ProductionRun).where(ProductionRun.data_source_id == data_source_id)\n    ^^^^^^\nNameError: name 'delete' is not defined"}
------------------------------ Captured log call ------------------------------
ERROR    app.main:main.py:100 Unhandled exception: name 'delete' is not defined
Traceback (most recent call last):
  File "C:\Users\19803\AppData\Roaming\Python\Python313\site-packages\starlette\middleware\errors.py", line 164, in __call__
    await self.app(scope, receive, _send)
  File "C:\Users\19803\AppData\Roaming\Python\Python313\site-packages\starlette\middleware\cors.py", line 85, in __call__
    await self.app(scope, receive, send)
  File "C:\Users\19803\AppData\Roaming\Python\Python313\site-packages\starlette\middleware\exceptions.py", line 63, in __call__
    await wrap_app_handling_exceptions(self.app, conn)(scope, receive, send)
  File "C:\Users\19803\AppData\Roaming\Python\Python313\site-packages\starlette\_exception_handler.py", line 53, in wrapped_app
    raise exc
  File "C:\Users\19803\AppData\Roaming\Python\Python313\site-packages\starlette\_exception_handler.py", line 42, in wrapped_app
    await app(scope, receive, sender)
  File "C:\Users\19803\AppData\Roaming\Python\Python313\site-packages\fastapi\middleware\asyncexitstack.py", line 18, in __call__
    await self.app(scope, receive, send)
  File "C:\Users\19803\AppData\Roaming\Python\Python313\site-packages\starlette\routing.py", line 716, in __call__
    await self.middleware_stack(scope, receive, send)
  File "C:\Users\19803\AppData\Roaming\Python\Python313\site-packages\starlette\routing.py", line 736, in app
    await route.handle(scope, receive, send)
  File "C:\Users\19803\AppData\Roaming\Python\Python313\site-packages\starlette\routing.py", line 290, in handle
    await self.app(scope, receive, send)
  File "C:\Users\19803\AppData\Roaming\Python\Python313\site-packages\fastapi\routing.py", line 119, in app
    await wrap_app_handling_exceptions(app, request)(scope, receive, send)
  File "C:\Users\19803\AppData\Roaming\Python\Python313\site-packages\starlette\_exception_handler.py", line 53, in wrapped_app
    raise exc
  File "C:\Users\19803\AppData\Roaming\Python\Python313\site-packages\starlette\_exception_handler.py", line 42, in wrapped_app
    await app(scope, receive, sender)
  File "C:\Users\19803\AppData\Roaming\Python\Python313\site-packages\fastapi\routing.py", line 105, in app
    response = await f(request)
               ^^^^^^^^^^^^^^^^
  File "C:\Users\19803\AppData\Roaming\Python\Python313\site-packages\fastapi\routing.py", line 426, in app
    raw_response = await run_endpoint_function(
                   ^^^^^^^^^^^^^^^^^^^^^^^^^^^^
    ...<3 lines>...
    )
    ^
  File "C:\Users\19803\AppData\Roaming\Python\Python313\site-packages\fastapi\routing.py", line 312, in run_endpoint_function
    return await dependant.call(**values)
           ^^^^^^^^^^^^^^^^^^^^^^^^^^^^^^
  File "C:\Users\19803\Projects\FactoryExcelManager\backend\app\api\v1\endpoints\datasource.py", line 368, in delete_data_source
    delete(ProductionRun).where(ProductionRun.data_source_id == data_source_id)
    ^^^^^^
NameError: name 'delete' is not defined
=========================== short test summary info ===========================
FAILED backend\tests\test_api\test_line_management.py::test_reset_schema_configuration
FAILED backend\tests\test_api\test_line_management.py::test_clear_upload_history
========================= 2 failed, 9 passed in 6.62s =========================
